"../../../Engine/Content/Animation/DefaultAnimCurveCompressionSettings.uasset" 0
"../../../Engine/Content/Functions/Engine_MaterialFunctions01/Opacity/CameraDepthFade.uasset" 1
"../../../Engine/Content/EngineMaterials/T_Default_Material_Grid_M.uasset" 2
"../../../Engine/Content/EngineMaterials/T_Default_Material_Grid_N.uasset" 3
"../../../Engine/Content/EngineMaterials/WorldGridMaterial.uasset" 4
"../../../Engine/Content/ArtTools/RenderToTexture/Meshes/S_1_Unit_Plane.uasset" 5
"../../../Engine/Content/EngineMaterials/DefaultMaterial.uasset" 6
"../../../Engine/Content/BasicShapes/Cone.uasset" 7
"../../../Engine/Content/BasicShapes/Cylinder.uasset" 8
"../../../Engine/Content/BasicShapes/Plane.uasset" 9
"../../../Engine/Content/BasicShapes/Sphere.uasset" 10
"../../../Engine/Content/EngineMaterials/DefaultPhysicalMaterial.uasset" 11
"../../../Engine/Content/BufferVisualization/AmbientOcclusion.uasset" 12
"../../../Engine/Content/BufferVisualization/BaseColor.uasset" 13
"../../../Engine/Content/BufferVisualization/CustomDepth.uasset" 14
"../../../Engine/Content/Functions/Engine_MaterialFunctions02/Utility/VectorLength.uasset" 15
"../../../Engine/Content/BufferVisualization/CustomDepthWorldUnits.uasset" 16
"../../../Engine/Content/Functions/Engine_MaterialFunctions02/Utility/BreakOutFloat2Components.uasset" 17
"../../../Engine/Content/Functions/Engine_MaterialFunctions01/Texturing/ScaleUVsByCenter.uasset" 18
"../../../Engine/Content/Functions/Engine_MaterialFunctions02/ScreenResolution.uasset" 19
"../../../Engine/Content/Functions/Engine_MaterialFunctions02/Texturing/ScreenAlignedUVs.uasset" 20
"../../../Engine/Content/Functions/Engine_MaterialFunctions02/Utility/MakeFloat2.uasset" 21
"../../../Engine/Content/Functions/Engine_MaterialFunctions02/Utility/MakeFloat3.uasset" 22
"../../../Engine/Content/EngineMaterials/MiniFont.uasset" 23
"../../../Engine/Content/BufferVisualization/CustomStencil.uasset" 24
"../../../Engine/Content/BufferVisualization/FinalImage.uasset" 25
"../../../Engine/Content/BufferVisualization/LightingModel.uasset" 26
"../../../Engine/Content/BufferVisualization/MaterialAO.uasset" 27
"../../../Engine/Content/BufferVisualization/Metallic.uasset" 28
"../../../Engine/Content/BufferVisualization/Opacity.uasset" 29
"../../../Engine/Content/BufferVisualization/PostTonemapHDRColor.uasset" 30
"../../../Engine/Content/BufferVisualization/PreTonemapHDRColor.uasset" 31
"../../../Engine/Content/BufferVisualization/Roughness.uasset" 32
"../../../Engine/Content/BufferVisualization/SceneColor.uasset" 33
"../../../Engine/Content/BufferVisualization/SceneDepth.uasset" 34
"../../../Engine/Content/BufferVisualization/SceneDepthWorldUnits.uasset" 35
"../../../Engine/Content/BufferVisualization/SeparateTranslucencyA.uasset" 36
"../../../Engine/Content/BufferVisualization/SeparateTranslucencyRGB.uasset" 37
"../../../Engine/Content/BufferVisualization/Specular.uasset" 38
"../../../Engine/Content/BufferVisualization/SubsurfaceColor.uasset" 39
"../../../Engine/Content/BufferVisualization/Velocity.uasset" 40
"../../../Engine/Content/BufferVisualization/WorldNormal.uasset" 41
"../../../Engine/Content/EditorLandscapeResources/DataLayer.uasset" 42
"../../../Engine/Content/EditorLandscapeResources/DefaultAlphaTexture.uasset" 43
"../../../Engine/Content/EditorLandscapeResources/LandscapeGizmoHeight_Mat.uasset" 44
"../../../Engine/Content/EditorLandscapeResources/LandscapeGizmo_Mat.uasset" 45
"../../../Engine/Content/EditorLandscapeResources/LandscapeGizmo_Mat_Copied.uasset" 46
"../../../Engine/Content/EditorLandscapeResources/SplineEditorMeshMat.uasset" 47
"../../../Engine/Content/EditorLandscapeResources/SplineEditorMesh.uasset" 48
"../../../Engine/Content/EditorMaterials/Cross.uasset" 49
"../../../Engine/Content/EditorMaterials/Cross_Mat.uasset" 50
"../../../Engine/Content/EngineMaterials/DefaultDiffuse.uasset" 51
"../../../Engine/Content/Functions/Engine_MaterialFunctions01/Texturing/TextureCropping.uasset" 52
"../../../Engine/Content/Functions/Engine_MaterialFunctions01/Texturing/ComputeMipLevel.uasset" 53
"../../../Engine/Content/Functions/Engine_MaterialFunctions02/ExampleContent/DebugNumberStrip.uasset" 54
"../../../Engine/Content/Functions/Engine_MaterialFunctions02/ExampleContent/Textures/DebugNumberPeriod.uasset" 55
"../../../Engine/Content/Functions/Engine_MaterialFunctions02/Utility/DebugScalarValues.uasset" 56
"../../../Engine/Content/Functions/Engine_MaterialFunctions02/Utility/DebugFloat2Values.uasset" 57
"../../../Engine/Content/Functions/Engine_MaterialFunctions02/ExampleContent/Textures/flipbook.uasset" 58
"../../../Engine/Content/Functions/Engine_MaterialFunctions02/Texturing/FlipBook.uasset" 59
"../../../Engine/Content/Functions/Engine_MaterialFunctions02/Utility/Sign.uasset" 60
"../../../Engine/Content/Functions/Engine_MaterialFunctions02/Utility/Round.uasset" 61
"../../../Engine/Content/EditorResources/T_EditorHelp.uasset" 62
"../../../Engine/Content/EditorMaterials/HelpActorMaterial.uasset" 63
"../../../Engine/Content/EditorMaterials/CompositeARGBLayer.uasset" 64
"../../../Engine/Content/EditorMaterials/TilingAALineIntegral.uasset" 65
"../../../Engine/Content/EditorMaterials/TilingAALineBoxFiltered.uasset" 66
"../../../Engine/Content/Functions/Engine_MaterialFunctions03/Procedurals/ComputeFilterWidth.uasset" 67
"../../../Engine/Content/EditorMaterials/TilingAADots.uasset" 68
"../../../Engine/Content/EngineMaterials/BlendFunc_DefBase.uasset" 69
"../../../Engine/Content/EngineMaterials/BlendFunc_DefBlend.uasset" 70
"../../../Engine/Content/Functions/Engine_MaterialFunctions03/Blends/Blend_Screen.uasset" 71
"../../../Engine/Content/EditorMaterials/TilingAAGrid.uasset" 72
"../../../Engine/Content/EditorMaterials/LevelGridMaterial.uasset" 73
"../../../Engine/Content/EditorMaterials/MakeCompositeARGBLayer.uasset" 74
"../../../Engine/Content/EditorResources/LevelGrid1DStripes.uasset" 75
"../../../Engine/Content/EditorMaterials/TextureGridCascaded1D.uasset" 76
"../../../Engine/Content/EditorMaterials/TextureGridCascaded2D.uasset" 77
"../../../Engine/Content/EditorMaterials/LevelGridMaterial2.uasset" 78
"../../../Engine/Content/EditorMaterials/MAT_Groups_Toggle.uasset" 79
"../../../Engine/Content/EditorMaterials/MAT_Groups_Visibility.uasset" 80
"../../../Engine/Content/EditorMaterials/PhAT_BoneSelectedMaterial.uasset" 81
"../../../Engine/Content/EditorMaterials/PhAT_ElemSelectedMaterial.uasset" 82
"../../../Engine/Content/EditorMaterials/PhAT_NoCollisionMaterial.uasset" 83
"../../../Engine/Content/EditorMaterials/PhAT_UnselectedMaterial.uasset" 84
"../../../Engine/Content/EditorMaterials/PreviewShadowIndicator.uasset" 85
"../../../Engine/Content/EditorMaterials/PreviewShadowIndicatorMaterial.uasset" 86
"../../../Engine/Content/EditorMaterials/TargetIcon.uasset" 87
"../../../Engine/Content/EditorMaterials/Tick.uasset" 88
"../../../Engine/Content/EditorMaterials/Tick_Mat.uasset" 89
"../../../Engine/Content/EditorMaterials/WidgetGridVertexColorMaterial.uasset" 90
"../../../Engine/Content/EditorMaterials/WidgetGridVertexColorMaterial_Ma.uasset" 91
"../../../Engine/Content/EditorMaterials/WidgetMaterial.uasset" 92
"../../../Engine/Content/EditorMaterials/WidgetMaterial_Current.uasset" 93
"../../../Engine/Content/EditorMaterials/WidgetMaterial_X.uasset" 94
"../../../Engine/Content/EditorMaterials/WidgetMaterial_Y.uasset" 95
"../../../Engine/Content/EditorMaterials/WidgetMaterial_Z.uasset" 96
"../../../Engine/Content/EditorMaterials/WidgetVertexColorMaterial.uasset" 97
"../../../Engine/Content/EditorMaterials/MatineeGroups/MAT_ColorTrack.uasset" 98
"../../../Engine/Content/EditorMaterials/MatineeGroups/MAT_Groups_Anim.uasset" 99
"../../../Engine/Content/EditorMaterials/MatineeGroups/MAT_Groups_AudioMaster.uasset" 100
"../../../Engine/Content/EditorMaterials/MatineeGroups/MAT_Groups_Director.uasset" 101
"../../../Engine/Content/EditorMaterials/MatineeGroups/MAT_Groups_Event.uasset" 102
"../../../Engine/Content/EditorMaterials/MatineeGroups/MAT_Groups_Fade.uasset" 103
"../../../Engine/Content/EditorMaterials/MatineeGroups/MAT_Groups_Float.uasset" 104
"../../../Engine/Content/EditorMaterials/MatineeGroups/MAT_Groups_Move.uasset" 105
"../../../Engine/Content/EditorMaterials/MatineeGroups/MAT_Groups_Slomo.uasset" 106
"../../../Engine/Content/EditorMaterials/MatineeGroups/MAT_Groups_Sound.uasset" 107
"../../../Engine/Content/EditorMaterials/MatineeGroups/MAT_Groups_Vector.uasset" 108
"../../../Engine/Content/EditorMaterials/ParticleSystems/PSysThumbnail_NoImage.uasset" 109
"../../../Engine/Content/EditorMaterials/ParticleSystems/PSysThumbnail_OOD.uasset" 110
"../../../Engine/Content/EngineMaterials/Grid.uasset" 111
"../../../Engine/Content/EditorMaterials/Thumbnails/FloorPlaneMaterial.uasset" 112
"../../../Engine/Content/EditorMeshes/EditorCube.uasset" 113
"../../../Engine/Content/EditorMeshes/EditorCylinder.uasset" 114
"../../../Engine/Content/EditorMeshes/EditorPlane.uasset" 115
"../../../Engine/Content/EditorMaterials/Thumbnails/SkySphereMaterial.uasset" 116
"../../../Engine/Content/EditorMeshes/EditorSkySphere.uasset" 117
"../../../Engine/Content/EditorMeshes/EditorSphere.uasset" 118
"../../../Engine/Content/EditorResources/MatineeCam_D.uasset" 119
"../../../Engine/Content/EditorMaterials/MatineeCam_mat.uasset" 120
"../../../Engine/Content/EditorMeshes/MatineeCam_SM.uasset" 121
"../../../Engine/Content/EditorMeshes/PlanarReflectionPlane.uasset" 122
"../../../Engine/Content/EditorMaterials/Camera/CineMat.uasset" 123
"../../../Engine/Content/EditorMaterials/Camera/MI_CineMat_CameraBody.uasset" 124
"../../../Engine/Content/EngineDebugMaterials/M_SimpleOpaque.uasset" 125
"../../../Engine/Content/EditorMaterials/Camera/MI_CineMat_CamViewFinder.uasset" 126
"../../../Engine/Content/EditorMeshes/Camera/SM_CineCam.uasset" 127
"../../../Engine/Content/EditorMaterials/Camera/MI_CineMat_Rig.uasset" 128
"../../../Engine/Content/EditorMeshes/Camera/SM_CraneRig_Arm.uasset" 129
"../../../Engine/Content/EditorMeshes/Camera/SM_CraneRig_Base.uasset" 130
"../../../Engine/Content/EditorMeshes/Camera/SM_CraneRig_Body.uasset" 131
"../../../Engine/Content/EditorMeshes/Camera/SM_CraneRig_Mount.uasset" 132
"../../../Engine/Content/EditorMeshes/Camera/SM_RailRig_Mount.uasset" 133
"../../../Engine/Content/EditorMeshes/Camera/SM_RailRig_Track.uasset" 134
"../../../Engine/Content/EditorMeshes/ColorCalibrator/M_ChromeBall.uasset" 135
"../../../Engine/Content/EditorResources/Bad.uasset" 136
"../../../Engine/Content/EditorResources/BSPVertex.uasset" 137
"../../../Engine/Content/EditorResources/EmptyActor.uasset" 138
"../../../Engine/Content/EditorResources/MatInstActSprite.uasset" 139
"../../../Engine/Content/EditorResources/SceneManager.uasset" 140
"../../../Engine/Content/EditorResources/SmallFont.uasset" 141
"../../../Engine/Content/EditorResources/S_Actor.uasset" 142
"../../../Engine/Content/EditorResources/S_CameraShakeSource.uasset" 143
"../../../Engine/Content/EditorResources/S_DecalActorIcon.uasset" 144
"../../../Engine/Content/EditorResources/S_Emitter.uasset" 145
"../../../Engine/Content/EditorResources/S_ExpoHeightFog.uasset" 146
"../../../Engine/Content/EditorResources/S_FTest.uasset" 147
"../../../Engine/Content/EditorResources/S_KBSJoint.uasset" 148
"../../../Engine/Content/EditorResources/S_KHinge.uasset" 149
"../../../Engine/Content/EditorResources/S_KPrismatic.uasset" 150
"../../../Engine/Content/EditorResources/S_LevelSequence.uasset" 151
"../../../Engine/Content/EditorResources/S_NavP.uasset" 152
"../../../Engine/Content/EditorResources/S_Note.uasset" 153
"../../../Engine/Content/EditorResources/S_Player.uasset" 154
"../../../Engine/Content/EditorResources/S_PortalActorIcon2.uasset" 155
"../../../Engine/Content/EditorResources/S_RadForce.uasset" 156
"../../../Engine/Content/EditorResources/S_ReflActorIcon.uasset" 157
"../../../Engine/Content/EditorResources/S_SkyAtmosphere.uasset" 158
"../../../Engine/Content/EditorResources/S_Solver.uasset" 159
"../../../Engine/Content/EditorResources/S_Terrain.uasset" 160
"../../../Engine/Content/EditorResources/S_TextRenderActorIcon.uasset" 161
"../../../Engine/Content/EditorResources/S_Thruster.uasset" 162
"../../../Engine/Content/EditorResources/S_Trigger.uasset" 163
"../../../Engine/Content/EditorResources/S_VectorFieldVol.uasset" 164
"../../../Engine/Content/EditorResources/S_WindDirectional.uasset" 165
"../../../Engine/Content/EditorResources/AI/S_NavLink.uasset" 166
"../../../Engine/Content/EditorResources/LightIcons/SkyLight.uasset" 167
"../../../Engine/Content/EditorResources/LightIcons/S_LightDirectional.uasset" 168
"../../../Engine/Content/EditorResources/LightIcons/S_LightDirectionalMove.uasset" 169
"../../../Engine/Content/EditorResources/LightIcons/S_LightError.uasset" 170
"../../../Engine/Content/EditorResources/LightIcons/S_LightPoint.uasset" 171
"../../../Engine/Content/EditorResources/LightIcons/S_LightPointMove.uasset" 172
"../../../Engine/Content/EditorResources/LightIcons/S_LightSpot.uasset" 173
"../../../Engine/Content/EditorResources/LightIcons/S_LightSpotMove.uasset" 174
"../../../Engine/Content/EditorResources/SequenceRecorder/Countdown.uasset" 175
"../../../Engine/Content/EditorResources/SequenceRecorder/RecordingIndicator.uasset" 176
"../../../Engine/Content/EditorResources/Spline/T_Loft_Spline.uasset" 177
"../../../Engine/Content/EditorSounds/Notifications/CompileFailed.uasset" 178
"../../../Engine/Content/EditorSounds/Notifications/CompileFailed_Cue.uasset" 179
"../../../Engine/Content/EditorSounds/Notifications/CompileSuccess.uasset" 180
"../../../Engine/Content/EditorSounds/Notifications/CompileStart_Cue.uasset" 181
"../../../Engine/Content/EditorSounds/Notifications/CompileSuccess_Cue.uasset" 182
"../../../Engine/Content/EngineDamageTypes/DmgTypeBP_Environmental.uasset" 183
"../../../Engine/Content/EngineDebugMaterials/HeatmapGradient.uasset" 184
"../../../Engine/Content/EngineDebugMaterials/BoneWeightMaterial.uasset" 185
"../../../Engine/Content/EngineDebugMaterials/ClothMaterial.uasset" 186
"../../../Engine/Content/EngineDebugMaterials/ClothMaterial_WF.uasset" 187
"../../../Engine/Content/EngineDebugMaterials/DebugEditorMaterial.uasset" 188
"../../../Engine/Content/EngineDebugMaterials/DebugMeshMaterial.uasset" 189
"../../../Engine/Content/EngineDebugMaterials/GeomMaterial.uasset" 190
"../../../Engine/Content/Functions/Engine_MaterialFunctions01/Shading/ConvertFromDiffSpec.uasset" 191
"../../../Engine/Content/EngineDebugMaterials/LevelColorationLitMaterial.uasset" 192
"../../../Engine/Content/EngineDebugMaterials/LevelColorationUnlitMaterial.uasset" 193
"../../../Engine/Content/EngineMaterials/DefaultWhiteGrid.uasset" 194
"../../../Engine/Content/EngineDebugMaterials/MAT_LevelColorationLitLightmapUV.uasset" 195
"../../../Engine/Content/EngineDebugMaterials/M_SimpleUnlitTranslucent.uasset" 196
"../../../Engine/Content/Functions/Engine_MaterialFunctions02/Utility/CameraDirectionVector.uasset" 197
"../../../Engine/Content/EngineDebugMaterials/VolumeToRender.uasset" 198
"../../../Engine/Content/EngineDebugMaterials/M_VolumeRenderSphereTracePP.uasset" 199
"../../../Engine/Content/EngineMaterials/DefaultWhiteGrid_Low.uasset" 200
"../../../Engine/Content/EngineDebugMaterials/PhysicalMaterialMaskMaterial.uasset" 201
"../../../Engine/Content/EngineDebugMaterials/ShadedLevelColorationLitMaterial.uasset" 202
"../../../Engine/Content/EngineDebugMaterials/ShadedLevelColorationUnlitMateri.uasset" 203
"../../../Engine/Content/EngineDebugMaterials/VertexColorMaterial.uasset" 204
"../../../Engine/Content/EngineDebugMaterials/VertexColorViewMode_AlphaAsColor.uasset" 205
"../../../Engine/Content/EngineDebugMaterials/VertexColorViewMode_BlueOnly.uasset" 206
"../../../Engine/Content/EngineDebugMaterials/VertexColorViewMode_ColorOnly.uasset" 207
"../../../Engine/Content/EngineDebugMaterials/VertexColorViewMode_GreenOnly.uasset" 208
"../../../Engine/Content/EngineDebugMaterials/VertexColorViewMode_RedOnly.uasset" 209
"../../../Engine/Content/EngineDebugMaterials/WireframeMaterial.uasset" 210
"../../../Engine/Content/EngineFonts/Faces/DroidSansFallback.uasset" 211
"../../../Engine/Content/EngineFonts/Faces/RobotoBold.uasset" 212
"../../../Engine/Content/EngineFonts/Faces/RobotoBoldItalic.uasset" 213
"../../../Engine/Content/EngineFonts/Faces/RobotoItalic.uasset" 214
"../../../Engine/Content/EngineFonts/Faces/RobotoLight.uasset" 215
"../../../Engine/Content/EngineFonts/Faces/RobotoRegular.uasset" 216
"../../../Engine/Content/EngineFonts/Roboto.uasset" 217
"../../../Engine/Content/EngineFonts/Faces/RobotoTiny.uasset" 218
"../../../Engine/Content/EngineFonts/RobotoTiny.uasset" 219
"../../../Engine/Content/EngineFonts/SmallFont.uasset" 220
"../../../Engine/Content/EngineFonts/TinyFont.uasset" 221
"../../../Engine/Content/EngineMaterials/BaseFlattenDiffuseMap.uasset" 222
"../../../Engine/Content/EngineMaterials/BaseFlattenEmissiveMap.uasset" 223
"../../../Engine/Content/EngineMaterials/BaseFlattenGrayscaleMap.uasset" 224
"../../../Engine/Content/EngineMaterials/BaseFlattenNormalMap.uasset" 225
"../../../Engine/Content/EngineMaterials/BaseFlattenMaterial.uasset" 226
"../../../Engine/Content/EngineResources/WhiteSquareTexture.uasset" 227
"../../../Engine/Content/EngineMaterials/BlinkingCaret.uasset" 228
"../../../Engine/Content/EngineMaterials/BlueNoise.uasset" 229
"../../../Engine/Content/EngineMaterials/DefaultBloomKernel.uasset" 230
"../../../Engine/Content/EngineMaterials/DefaultBokeh.uasset" 231
"../../../Engine/Content/EngineMaterials/DefaultDeferredDecalMaterial.uasset" 232
"../../../Engine/Content/EngineMaterials/DefaultLightFunctionMaterial.uasset" 233
"../../../Engine/Content/EngineMaterials/DefaultNormal.uasset" 234
"../../../Engine/Content/EngineMaterials/DefaultPostProcessMaterial.uasset" 235
"../../../Engine/Content/EngineFonts/RobotoDistanceField.uasset" 236
"../../../Engine/Content/EngineMaterials/DefaultTextMaterialOpaque.uasset" 237
"../../../Engine/Content/EngineMaterials/EditorBrushMaterial.uasset" 238
"../../../Engine/Content/EngineMaterials/EmissiveMeshMaterial.uasset" 239
"../../../Engine/Content/EngineMaterials/GizmoMaterial.uasset" 240
"../../../Engine/Content/EngineMaterials/Grid_N.uasset" 241
"../../../Engine/Content/EngineMaterials/HighResolutionScreenshotMaskFunction.uasset" 242
"../../../Engine/Content/EngineMaterials/HighResScreenshot.uasset" 243
"../../../Engine/Content/EngineMaterials/HighResScreenshotCaptureRegion.uasset" 244
"../../../Engine/Content/EngineMaterials/HighResScreenshotMask.uasset" 245
"../../../Engine/Content/EngineMaterials/LandscapeHolePhysicalMaterial.uasset" 246
"../../../Engine/Content/EngineMaterials/InvalidLightmapSettings.uasset" 247
"../../../Engine/Content/EngineMaterials/M_InvalidLightmapSettings.uasset" 248
"../../../Engine/Content/EngineMaterials/PaperDiffuse.uasset" 249
"../../../Engine/Content/EngineMaterials/PaperNormal.uasset" 250
"../../../Engine/Content/Functions/Engine_MaterialFunctions02/WorldPositionOffset/CameraOffset.uasset" 251
"../../../Engine/Content/EngineMaterials/PhAT_JointLimitMaterial.uasset" 252
"../../../Engine/Content/EngineMaterials/PhysMat_Rubber.uasset" 253
"../../../Engine/Content/EngineMaterials/PreintegratedSkinBRDF.uasset" 254
"../../../Engine/Content/EngineMaterials/RemoveSurfaceMaterial.uasset" 255
"../../../Engine/Content/EngineMaterials/WeightMapPlaceholderTexture.uasset" 256
"../../../Engine/Content/Functions/Engine_MaterialFunctions01/ImageAdjustment/sRGBToLinear.uasset" 257
"../../../Engine/Content/Functions/Engine_MaterialFunctions02/Utility/BreakOutFloat3Components.uasset" 258
"../../../Engine/Content/EngineMaterials/Widget3DCameraPassThrough_Opaque_OneSided.uasset" 259
"../../../Engine/Content/EngineMaterials/Widget3DPassThrough.uasset" 260
"../../../Engine/Content/EngineMaterials/Widget3DPassThrough_Masked.uasset" 261
"../../../Engine/Content/EngineMaterials/Widget3DPassThrough_Opaque.uasset" 262
"../../../Engine/Content/EngineMaterials/Widget3DPassThrough_Masked_OneSided.uasset" 263
"../../../Engine/Content/EngineMaterials/Widget3DPassThrough_Opaque_OneSided.uasset" 264
"../../../Engine/Content/EngineMaterials/Widget3DPassThrough_Translucent.uasset" 265
"../../../Engine/Content/EngineMaterials/Widget3DPassThrough_Translucent_OneSided.uasset" 266
"../../../Engine/Content/EngineMeshes/Cylinder.uasset" 267
"../../../Engine/Content/EngineMeshes/Sphere.uasset" 268
"../../../Engine/Content/EngineResources/Black.uasset" 269
"../../../Engine/Content/EngineResources/DefaultTexture.uasset" 270
"../../../Engine/Content/EngineResources/DefaultTextureCube.uasset" 271
"../../../Engine/Content/EngineResources/DefaultVolumeTexture2D.uasset" 272
"../../../Engine/Content/EngineResources/DefaultVolumeTexture.uasset" 273
"../../../Engine/Content/EngineResources/GradientTexture0.uasset" 274
"../../../Engine/Content/EngineResources/StreamingPauseIcon.uasset" 275
"../../../Engine/Content/EngineResources/M_StreamingPause.uasset" 276
"../../../Engine/Content/EngineSounds/Master.uasset" 277
"../../../Engine/Content/Functions/Engine_MaterialFunctions01/Shading/PowerToRoughness.uasset" 278
"../../../Engine/Content/Maps/Templates/Thumbnails/Default.uasset" 279
"../../../Engine/Content/Maps/Templates/Thumbnails/TimeOfDay.uasset" 280
"../../../Engine/Content/Maps/Templates/Thumbnails/VR-Basic.uasset" 281
"../../../Engine/Content/MapTemplates/Sky/DaylightAmbientCubemap.uasset" 282
"../../../Engine/Content/MobileResources/T_MobileControls_texture.uasset" 283
"../../../Engine/Content/MobileResources/T_MobileMenu2.uasset" 284
"../../../Engine/Content/MobileResources/HUD/AnalogHat.uasset" 285
"../../../Engine/Content/MobileResources/HUD/VirtualJoystick_Background.uasset" 286
"../../../Engine/Content/MobileResources/HUD/VirtualJoystick_Thumb.uasset" 287
"../../../Engine/Content/MobileResources/HUD/DefaultVirtualJoysticks.uasset" 288
"../../../Engine/Content/MobileResources/HUD/LeftVirtualJoystickOnly.uasset" 289
"../../../Engine/Content/MobileResources/HUD/MobileHUDButton1_off.uasset" 290
"../../../Engine/Content/MobileResources/HUD/MobileHUDButton1_on.uasset" 291
"../../../Engine/Content/MobileResources/HUD/MobileHUDButton2_off.uasset" 292
"../../../Engine/Content/MobileResources/HUD/MobileHUDButton2_on.uasset" 293
"../../../Engine/Content/MobileResources/HUD/MobileHUDButton3.uasset" 294
"../../../Engine/Content/MobileResources/HUD/MobileHUDButtonFire.uasset" 295
"../../../Engine/Content/MobileResources/HUD/MobileHUDDirectionPad.uasset" 296
"../../../Engine/Content/MobileResources/HUD/MobileHUDDirectionPad2.uasset" 297
"../../../Engine/Content/MobileResources/HUD/MobileHUDDirectionPad3.uasset" 298
"../../../Engine/Content/MobileResources/HUD/MobileHUDDirectionStick.uasset" 299
"../../../Engine/Content/MobileResources/HUD/T_Castle_ThumbstickInner.uasset" 300
"../../../Engine/Content/MobileResources/HUD/T_Castle_ThumbstickOutter.uasset" 301
"../../../Engine/Content/Tutorial/ContentIntroCurve.uasset" 302
"../../../Engine/Content/Tutorial/Basics/LevelEditorAttract.uasset" 303
"../../../Engine/Content/Tutorial/Basics/TutorialAssets/icon_tab_Levels_40x.uasset" 304
"../../../Engine/Content/Tutorial/Basics/LevelEditorOverview.uasset" 305
"../../../Engine/Content/VREditor/LaserPointer/VR_LaserPower_01.uasset" 306
"../../../Engine/Content/VREditor/TransformGizmo/TransformGizmoMaterial.uasset" 307
"../../../Engine/Content/VREditor/TransformGizmo/TranslucentTransformGizmoMaterial.uasset" 308
"../../../Engine/Content/VREditor/TransformGizmo/BoundingBoxCorner.uasset" 309
"../../../Engine/Content/VREditor/TransformGizmo/BoundingBoxEdge.uasset" 310
"../../../Engine/Content/VREditor/TransformGizmo/PlaneTranslationHandle.uasset" 311
"../../../Engine/Content/VREditor/TransformGizmo/Main.uasset" 312
"../../../Engine/Content/VREditor/TransformGizmo/Xray.uasset" 313
"../../../Engine/Content/VREditor/TransformGizmo/SM_Sequencer_Key.uasset" 314
"../../../Engine/Content/VREditor/TransformGizmo/SM_Sequencer_Node.uasset" 315
"../../../../../../Users/Utilisateur/Documents/GitHub/GameProject/Content/Mannequin/Character/Mesh/SK_Mannequin_Skeleton.uasset" 316
"../../../../../../Users/Utilisateur/Documents/GitHub/GameProject/Content/Mannequin/Animations/ThirdPersonJump_End.uasset" 317
"../../../../../../Users/Utilisateur/Documents/GitHub/GameProject/Content/Mannequin/Animations/ThirdPersonJump_Loop.uasset" 318
"../../../../../../Users/Utilisateur/Documents/GitHub/GameProject/Content/Mannequin/Animations/ThirdPersonJump_Start.uasset" 319
"../../../../../../Users/Utilisateur/Documents/GitHub/GameProject/Content/Mannequin/Animations/ThirdPersonIdle.uasset" 320
"../../../../../../Users/Utilisateur/Documents/GitHub/GameProject/Content/Mannequin/Animations/ThirdPersonRun.uasset" 321
"../../../../../../Users/Utilisateur/Documents/GitHub/GameProject/Content/Mannequin/Animations/ThirdPersonWalk.uasset" 322
"../../../../../../Users/Utilisateur/Documents/GitHub/GameProject/Content/Mannequin/Animations/ThirdPerson_IdleRun_2D.uasset" 323
"../../../Engine/Content/EditorBlueprintResources/StandardMacros.uasset" 324
"../../../../../../Users/Utilisateur/Documents/GitHub/GameProject/Content/Mannequin/Animations/ThirdPerson_AnimBP.uasset" 325
"../../../Engine/Content/Animation/DefaultAnimBoneCompressionSettings.uasset" 326
"../../../../../../Users/Utilisateur/Documents/GitHub/GameProject/Content/Francis/MyBP/Enemies/SkeletonCloseRange/Body/Zombie_Attack__1__Skeleton.uasset" 327
"../../../../../../Users/Utilisateur/Documents/GitHub/GameProject/Content/Francis/MyBP/Enemies/SkeletonCloseRange/Animations/Breathing_Idle.uasset" 328
"../../../../../../Users/Utilisateur/Documents/GitHub/GameProject/Content/Francis/MyBP/Enemies/SkeletonCloseRange/Animations/Mutant_Dying.uasset" 329
"../../../../../../Users/Utilisateur/Documents/GitHub/GameProject/Content/Francis/MyBP/Enemies/SkeletonCloseRange/Animations/Walking.uasset" 330
"../../../../../../Users/Utilisateur/Documents/GitHub/GameProject/Content/Francis/MyBP/Enemies/SkeletonCloseRange/Animations/Zombie_Attack.uasset" 331
"../../../../../../Users/Utilisateur/Documents/GitHub/GameProject/Content/Francis/MyBP/Enemies/SkeletonCloseRange/CloseRange_AnimBP.uasset" 332
"../../../../../../Users/Utilisateur/Documents/GitHub/GameProject/Content/Francis/MyBP/Enemies/SkeletonCloseRange/CloseRange_BlackBoard.uasset" 333
"../../../../../../Users/Utilisateur/Documents/GitHub/GameProject/Content/Francis/MyBP/Enemies/SkeletonCloseRange/CloseRange_BehaviourTree.uasset" 334
"../../../../../../Users/Utilisateur/Documents/GitHub/GameProject/Content/Francis/MyBP/Enemies/SkeletonCloseRange/Enemy_CloseRange_AIController.uasset" 335
"../../../Engine/Content/Functions/Engine_MaterialFunctions02/Texturing/ScreenAlignedPixelToPixelUVs.uasset" 336
"../../../Engine/Content/EngineMaterials/Good64x64TilingNoiseHighFreq.uasset" 337
"../../../Engine/Content/Functions/Engine_MaterialFunctions02/Utility/DitherTemporalAA.uasset" 338
"../../../../../../Users/Utilisateur/Documents/GitHub/GameProject/Content/Francis/MyBP/Enemies/SkeletonCloseRange/Body/Material__29.uasset" 339
"../../../../../../Users/Utilisateur/Documents/GitHub/GameProject/Content/Francis/MyBP/Enemies/SkeletonCloseRange/Body/Zombie_Attack__1__PhysicsAsset.uasset" 340
"../../../../../../Users/Utilisateur/Documents/GitHub/GameProject/Content/Francis/MyBP/Enemies/SkeletonCloseRange/Body/Zombie_Attack__1_.uasset" 341
"../../../../../../Users/Utilisateur/Documents/GitHub/GameProject/Content/Francis/MyBP/Enemies/SkeletonCloseRange/EnemyCloseRangeTest.uasset" 342
"../../../Engine/Content/Functions/Engine_MaterialFunctions01/Density/ExponentialDensity.uasset" 343
"../../../Engine/Content/Functions/Engine_MaterialFunctions01/Gradient/RadialGradientExponential.uasset" 344
"../../../Engine/Content/MaterialTemplates/Textures/T_Noise01.uasset" 345
"../../../../../../Users/Utilisateur/Documents/GitHub/GameProject/Content/Gabriel/M_smoke.uasset" 346
"../../../../../../Users/Utilisateur/Documents/GitHub/GameProject/Content/Gabriel/M_Spiral.uasset" 347
"../../../../../../Users/Utilisateur/Documents/GitHub/GameProject/Content/Gabriel/M_Star.uasset" 348
"../../../../../../Users/Utilisateur/Documents/GitHub/GameProject/Content/Gabriel/Trail.uasset" 349
"../../../../../../Users/Utilisateur/Documents/GitHub/GameProject/Content/Gabriel/M_Trail.uasset" 350
"../../Plugins/FX/Niagara/Content/DynamicInputs/Angles/NormalizedAngleToDegrees.uasset" 351
"../../Plugins/FX/Niagara/Content/DynamicInputs/TypeConversions/Vector2DFromFloat.uasset" 352
"../../Plugins/FX/Niagara/Content/Enums/ENiagaraRandomnessMode.uasset" 353
"../../Plugins/FX/Niagara/Content/Functions/GetRandomInfo.uasset" 354
"../../Plugins/FX/Niagara/Content/Functions/RandomRangeFloat.uasset" 355
"../../Plugins/FX/Niagara/Content/DynamicInputs/UniformRange/UniformRangedFloat.uasset" 356
"../../Plugins/FX/Niagara/Content/DynamicInputs/UniformRange/UniformRangedVector.uasset" 357
"../../Plugins/FX/Niagara/Content/DynamicInputs/UniformRange/UniformRangedVector2D.uasset" 358
"../../Plugins/FX/Niagara/Content/DynamicInputs/ValueFromCurve/FloatFromCurve.uasset" 359
"../../Plugins/FX/Niagara/Content/Functions/Localspace/SimulationPosition.uasset" 360
"../../Plugins/FX/Niagara/Content/Functions/Emitter/EmitterChangeState.uasset" 361
"../../Plugins/FX/Niagara/Content/Enums/ENiagara_EmitterStateOptions.uasset" 362
"../../Plugins/FX/Niagara/Content/Enums/ENiagara_InfiniteLoopDuration.uasset" 363
"../../Plugins/FX/Niagara/Content/Enums/ENiagaraEmitterLifeCycleMode.uasset" 364
"../../Plugins/FX/Niagara/Content/Enums/ENiagaraEmitterScalabilityMode_Limited.uasset" 365
"../../Plugins/FX/Niagara/Content/Enums/ENiagaraExecutionStateManagement.uasset" 366
"../../Plugins/FX/Niagara/Content/Enums/ENiagaraInactiveMode.uasset" 367
"../../Plugins/FX/Niagara/Content/Modules/Emitter/EmitterState.uasset" 368
"../../Plugins/FX/Niagara/Content/Modules/Emitter/SpawnBurst_Instantaneous.uasset" 369
"../../Plugins/FX/Niagara/Content/Modules/Emitter/SpawnRate.uasset" 370
"../../Plugins/FX/Niagara/Content/Functions/DirectionAndLengthSafe.uasset" 371
"../../Plugins/FX/Niagara/Content/Modules/Solvers/SolveForcesAndVelocity.uasset" 372
"../../Plugins/FX/Niagara/Content/Modules/Spawn/Initialization/InitializeParticle.uasset" 373
"../../Plugins/FX/Niagara/Content/Enums/ENiagaraCoordinateSpace.uasset" 374
"../../Plugins/FX/Niagara/Content/Functions/Localspace/TransformBase.uasset" 375
"../../Plugins/FX/Niagara/Content/Functions/Localspace/TransformVector.uasset" 376
"../../Plugins/FX/Niagara/Content/Functions/RandomUnitVector.uasset" 377
"../../Plugins/FX/Niagara/Content/Functions/RandomVector.uasset" 378
"../../Plugins/FX/Niagara/Content/Enums/ENiagaraOrientationAxis.uasset" 379
"../../Plugins/FX/Niagara/Content/Modules/Spawn/Location/CylinderLocation.uasset" 380
"../../Plugins/FX/Niagara/Content/Functions/Rotation/FindQuatBetween.uasset" 381
"../../Plugins/FX/Niagara/Content/Functions/Rotation/MultiplyQuaternion.uasset" 382
"../../Plugins/FX/Niagara/Content/Functions/Rotation/AxisAngleToQuaternion.uasset" 383
"../../Plugins/FX/Niagara/Content/Modules/Solvers/ApplyRotationVector.uasset" 384
"../../Plugins/FX/Niagara/Content/Enums/ENiagaraMeshTransforms.uasset" 385
"../../Plugins/FX/Niagara/Content/Modules/Spawn/Orientation/V2/InitialMeshOrientation.uasset" 386
"../../Plugins/FX/Niagara/Content/Modules/Spawn/Velocity/AddVelocity.uasset" 387
"../../Plugins/FX/Niagara/Content/Functions/System/SystemChangeState.uasset" 388
"../../Plugins/FX/Niagara/Content/Enums/ENiagaraSystemInactiveMode.uasset" 389
"../../Plugins/FX/Niagara/Content/Modules/System/SystemState.uasset" 390
"../../Plugins/FX/Niagara/Content/Enums/ENiagaraScaleColorMode.uasset" 391
"../../Plugins/FX/Niagara/Content/Modules/Update/Color/ScaleColor.uasset" 392
"../../Plugins/FX/Niagara/Content/Functions/FindAngleBetweenVectors.uasset" 393
"../../Plugins/FX/Niagara/Content/Functions/Masks/ConeMask.uasset" 394
"../../Plugins/FX/Niagara/Content/Enums/ENiagaraCurlNoiseQuality.uasset" 395
"../../Plugins/FX/Niagara/Content/VectorFields/Assets/TilingCurl16.uasset" 396
"../../Plugins/FX/Niagara/Content/VectorFields/Assets/TilingCurl32.uasset" 397
"../../Plugins/FX/Niagara/Content/VectorFields/Assets/TilingCurl64.uasset" 398
"../../Plugins/FX/Niagara/Content/Modules/Update/Forces/CurlNoiseForce.uasset" 399
"../../Plugins/FX/Niagara/Content/Modules/Update/Lifetime/ParticleState.uasset" 400
"../../Plugins/FX/Niagara/Content/Modules/Update/Material/DynamicMaterialParameters.uasset" 401
"../../Plugins/FX/Niagara/Content/Modules/Update/Orientation/V2/UpdateMeshOrientation.uasset" 402
"../../Plugins/FX/Niagara/Content/Modules/Update/Size/ScaleSpriteSize.uasset" 403
"../../../../../../Users/Utilisateur/Documents/GitHub/GameProject/Content/Gabriel/SM_Spiral.uasset" 404
"../../../../../../Users/Utilisateur/Documents/GitHub/GameProject/Content/Gabriel/SM_Trail.uasset" 405
"../../../../../../Users/Utilisateur/Documents/GitHub/GameProject/Content/Gabriel/Projectile.uasset" 406
"../../../../../../Users/Utilisateur/Documents/GitHub/GameProject/Content/Francis/MyBP/ArrowProjectile.uasset" 407
"../../../../../../Users/Utilisateur/Documents/GitHub/GameProject/Content/Francis/UI.uasset" 408
"../../../Engine/Content/Functions/Engine_MaterialFunctions02/Utility/BlendAngleCorrectedNormals.uasset" 409
"../../../Engine/Content/Functions/MaterialLayerFunctions/MatLayerBlend_NormalBlend.uasset" 410
"../../../Engine/Content/Functions/MaterialLayerFunctions/MatLayerBlend_Simple.uasset" 411
"../../../../../../Users/Utilisateur/Documents/GitHub/GameProject/Content/Mannequin/Character/Materials/MaterialLayers/T_ML_Rubber_Blue_01_D.uasset" 412
"../../../../../../Users/Utilisateur/Documents/GitHub/GameProject/Content/Mannequin/Character/Materials/MaterialLayers/T_ML_Rubber_Blue_01_N.uasset" 413
"../../../../../../Users/Utilisateur/Documents/GitHub/GameProject/Content/Mannequin/Character/Materials/MaterialLayers/ML_GlossyBlack_Latex_UE4.uasset" 414
"../../../../../../Users/Utilisateur/Documents/GitHub/GameProject/Content/Mannequin/Character/Materials/MaterialLayers/ML_Plastic_Shiny_Beige.uasset" 415
"../../../../../../Users/Utilisateur/Documents/GitHub/GameProject/Content/Mannequin/Character/Textures/UE4_LOGO_CARD.uasset" 416
"../../../../../../Users/Utilisateur/Documents/GitHub/GameProject/Content/Mannequin/Character/Materials/MaterialLayers/ML_Plastic_Shiny_Beige_LOGO.uasset" 417
"../../../../../../Users/Utilisateur/Documents/GitHub/GameProject/Content/Mannequin/Character/Materials/MaterialLayers/T_ML_Aluminum01.uasset" 418
"../../../../../../Users/Utilisateur/Documents/GitHub/GameProject/Content/Mannequin/Character/Materials/MaterialLayers/T_ML_Aluminum01_N.uasset" 419
"../../../../../../Users/Utilisateur/Documents/GitHub/GameProject/Content/Mannequin/Character/Materials/MaterialLayers/ML_SoftMetal_UE4.uasset" 420
"../../../../../../Users/Utilisateur/Documents/GitHub/GameProject/Content/Mannequin/Character/Textures/T_UE4_Mannequin_Mobile_M.uasset" 421
"../../../../../../Users/Utilisateur/Documents/GitHub/GameProject/Content/Mannequin/Character/Textures/T_UE4_Mannequin_Mobile_N.uasset" 422
"../../../../../../Users/Utilisateur/Documents/GitHub/GameProject/Content/Mannequin/Character/Materials/M_UE4Man_Body.uasset" 423
"../../../../../../Users/Utilisateur/Documents/GitHub/GameProject/Content/Mannequin/Character/Textures/UE4Man_Logo_N.uasset" 424
"../../../../../../Users/Utilisateur/Documents/GitHub/GameProject/Content/Mannequin/Character/Materials/M_UE4Man_ChestLogo.uasset" 425
"../../../../../../Users/Utilisateur/Documents/GitHub/GameProject/Content/Mannequin/Character/Mesh/SK_Mannequin.uasset" 426
"../../../../../../Users/Utilisateur/Documents/GitHub/GameProject/Content/ThirdPersonBP/Blueprints/ThirdPersonCharacter.uasset" 427
"../../../../../../Users/Utilisateur/Documents/GitHub/GameProject/Content/ThirdPersonBP/Blueprints/ThirdPersonGameMode.uasset" 428
"../../Plugins/2D/Paper2D/Content/PlaceholderTextures/DummySpriteTexture.uasset" 429
"../../Plugins/2D/Paper2D/Content/DummySprite.uasset" 430
"../../Plugins/2D/Paper2D/Content/DefaultPaperTerrainMaterial.uasset" 431
"../../Plugins/2D/Paper2D/Content/DefaultSpriteMaterial.uasset" 432
"../../Plugins/2D/Paper2D/Content/MaskedUnlitSpriteMaterial.uasset" 433
"../../Plugins/2D/Paper2D/Content/OpaqueUnlitSpriteMaterial.uasset" 434
"../../Plugins/FX/Niagara/Content/Enums/ENiagaraBooleanLogicOps.uasset" 435
"../../Plugins/FX/Niagara/Content/Enums/ENiagaraExpansionMode.uasset" 436
"../../Plugins/FX/Niagara/Content/Icons/S_ParticleSystem.uasset" 437
"../../../Engine/Content/Functions/Engine_MaterialFunctions02/Utility/BreakOutFloat4Components.uasset" 438
"../../Plugins/Runtime/Oculus/OculusVR/Content/Materials/OculusMR_ChromaKey.uasset" 439
"../../Plugins/Runtime/Oculus/OculusVR/Content/Materials/OculusMR_ChromaKey_Lit.uasset" 440
"../../Plugins/Runtime/Oculus/OculusVR/Content/Materials/OculusMR_OpaqueColoredMaterial.uasset" 441
"../../Plugins/Runtime/Oculus/OculusVR/Content/Materials/OculusMR_WhiteMaterial.uasset" 442
"../../Plugins/Runtime/Oculus/OculusVR/Content/Materials/PokeAHoleMaterial.uasset" 443
"../../Plugins/Runtime/Oculus/OculusVR/Content/Textures/GearVRController_AO.uasset" 444
"../../Plugins/Runtime/Oculus/OculusVR/Content/Textures/GearVRController_Color.uasset" 445
"../../Plugins/Runtime/Oculus/OculusVR/Content/Textures/GearVRController_Normal.uasset" 446
"../../Plugins/Runtime/Oculus/OculusVR/Content/Materials/GearVRControllerMaterial.uasset" 447
"../../Plugins/Runtime/Oculus/OculusVR/Content/Meshes/GearVrController.uasset" 448
"../../Plugins/Runtime/Oculus/OculusVR/Content/Textures/touchController_albedo.uasset" 449
"../../Plugins/Runtime/Oculus/OculusVR/Content/Textures/touchController_controlmap.uasset" 450
"../../Plugins/Runtime/Oculus/OculusVR/Content/Materials/touchController_mat.uasset" 451
"../../Plugins/Runtime/Oculus/OculusVR/Content/Meshes/LeftTouchController.uasset" 452
"../../Plugins/Runtime/Oculus/OculusVR/Content/Meshes/RiftHMD.uasset" 453
"../../Plugins/Runtime/Oculus/OculusVR/Content/Meshes/RightTouchController.uasset" 454
"../../../Engine/Content/Maps/Entry_BuiltData.uasset" 455
"../../../Engine/Content/Maps/Entry.umap" 456
"../../../Engine/Content/EngineSky/C_Sky_Cloud_Color.uasset" 457
"../../../Engine/Content/EngineSky/C_Sky_Horizon_Color.uasset" 458
"../../../Engine/Content/EngineSky/C_Sky_Zenith_Color.uasset" 459
"../../../Engine/Content/EngineSky/T_Sky_Blue.uasset" 460
"../../../Engine/Content/EngineSky/T_Sky_Clouds_M.uasset" 461
"../../../Engine/Content/EngineSky/T_Sky_Stars.uasset" 462
"../../../Engine/Content/EngineSky/M_Sky_Panning_Clouds2.uasset" 463
"../../../Engine/Content/EngineSky/SM_SkySphere.uasset" 464
"../../../Engine/Content/EngineSky/BP_Sky_Sphere.uasset" 465
"../../../../../../Users/Utilisateur/Documents/GitHub/GameProject/Content/Assets/Props/CoinPile_Coin/CoinPile_CoinPile_BaseColor.uasset" 466
"../../../../../../Users/Utilisateur/Documents/GitHub/GameProject/Content/Assets/Props/CoinPile_Coin/CoinPile_CoinPile_OcclusionRoughnessMetallic.uasset" 467
"../../../../../../Users/Utilisateur/Documents/GitHub/GameProject/Content/Assets/Props/CoinPile_Coin/M_CoinPile.uasset" 468
"../../../../../../Users/Utilisateur/Documents/GitHub/GameProject/Content/Assets/Props/CoinPile_Coin/CoinPile.uasset" 469
"../../../../../../Users/Utilisateur/Documents/GitHub/GameProject/Content/Francis/MyBP/MoneyPile.uasset" 470
"../../../../../../Users/Utilisateur/Documents/GitHub/GameProject/Content/Assets/Props/Coffre/Coffre_Bottom_Coffre_BaseColor.uasset" 471
"../../../../../../Users/Utilisateur/Documents/GitHub/GameProject/Content/Assets/Props/Coffre/Coffre_Bottom_Coffre_Normal.uasset" 472
"../../../../../../Users/Utilisateur/Documents/GitHub/GameProject/Content/Assets/Props/Coffre/CoffreBottom.uasset" 473
"../../../../../../Users/Utilisateur/Documents/GitHub/GameProject/Content/Assets/Props/Coffre/Coffre_Top_Coffre_BaseColor.uasset" 474
"../../../../../../Users/Utilisateur/Documents/GitHub/GameProject/Content/Assets/Props/Coffre/CoffreTop.uasset" 475
"../../../../../../Users/Utilisateur/Documents/GitHub/GameProject/Content/Assets/Props/Coffre/Coffre_Bottom.uasset" 476
"../../../../../../Users/Utilisateur/Documents/GitHub/GameProject/Content/Assets/Props/Coffre/Coffre_Top.uasset" 477
"../../../../../../Users/Utilisateur/Documents/GitHub/GameProject/Content/Assets/Props/Coffre/Coffre_BP.uasset" 478
"../../../../../../Users/Utilisateur/Documents/GitHub/GameProject/Content/Francis/FrancisLevel_BuiltData.uasset" 479
"../../../../../../Users/Utilisateur/Documents/GitHub/GameProject/Content/Francis/MyMaterial/Wall.uasset" 480
"../../../Engine/Content/BasicShapes/Cube.uasset" 481
"../../../Engine/Content/MapTemplates/SM_Template_Map_Floor.uasset" 482
"../../../../../../Users/Utilisateur/Documents/GitHub/GameProject/Content/Francis/FrancisLevel.umap" 483
"../../../../../../Users/Utilisateur/Documents/GitHub/GameProject/Content/ThirdPersonBP/Maps/ThirdPersonExampleMap_BuiltData.uasset" 484
"../../../Engine/Content/BasicShapes/BasicShapeMaterial.uasset" 485
"../../../../../../Users/Utilisateur/Documents/GitHub/GameProject/Content/Assets/Chararcter/Skeleton/Material__28.uasset" 486
"../../../../../../Users/Utilisateur/Documents/GitHub/GameProject/Content/Assets/Chararcter/Skeleton/SkeletonRaph_Rescale.uasset" 487
"../../../../../../Users/Utilisateur/Documents/GitHub/GameProject/Content/Assets/Chararcter/wiz/wiz2_DefaultMaterial_BaseColor.uasset" 488
"../../../../../../Users/Utilisateur/Documents/GitHub/GameProject/Content/Assets/Chararcter/wiz/wizTex.uasset" 489
"../../../../../../Users/Utilisateur/Documents/GitHub/GameProject/Content/Assets/Chararcter/wiz/wiz2.uasset" 490
"../../../../../../Users/Utilisateur/Documents/GitHub/GameProject/Content/Assets/Props/bones/Material__28.uasset" 491
"../../../../../../Users/Utilisateur/Documents/GitHub/GameProject/Content/Assets/Props/bones/bones_Arm003.uasset" 492
"../../../../../../Users/Utilisateur/Documents/GitHub/GameProject/Content/Assets/Props/bones/bones_foreArm003.uasset" 493
"../../../../../../Users/Utilisateur/Documents/GitHub/GameProject/Content/Assets/Props/bones/bones_leg003.uasset" 494
"../../../../../../Users/Utilisateur/Documents/GitHub/GameProject/Content/Assets/Props/bones/bones_leg2_003.uasset" 495
"../../../../../../Users/Utilisateur/Documents/GitHub/GameProject/Content/Assets/Props/bones/bones_skull_001.uasset" 496
"../../../../../../Users/Utilisateur/Documents/GitHub/GameProject/Content/Assets/Props/bucket/bucket_DefaultMaterial_BaseColor.uasset" 497
"../../../../../../Users/Utilisateur/Documents/GitHub/GameProject/Content/Assets/Props/bucket/bucket_tex.uasset" 498
"../../../../../../Users/Utilisateur/Documents/GitHub/GameProject/Content/Assets/Props/bucket/bucket.uasset" 499
"../../../../../../Users/Utilisateur/Documents/GitHub/GameProject/Content/Assets/Props/crates/crateBroken_DefaultMaterial_BaseColor.uasset" 500
"../../../../../../Users/Utilisateur/Documents/GitHub/GameProject/Content/Assets/Props/crates/crateBroken_DefaultMaterial_BaseColor_Mat.uasset" 501
"../../../../../../Users/Utilisateur/Documents/GitHub/GameProject/Content/Assets/Props/crates/crateBroken_pillar007.uasset" 502
"../../../../../../Users/Utilisateur/Documents/GitHub/GameProject/Content/Assets/Props/crates/crateBroken_side_plank2_right001.uasset" 503
"../../../../../../Users/Utilisateur/Documents/GitHub/GameProject/Content/Assets/Props/crates/crateBroken_side_plank2_right004.uasset" 504
"../../../../../../Users/Utilisateur/Documents/GitHub/GameProject/Content/Assets/Props/crates/crateBroken_Side_plank3_Back001.uasset" 505
"../../../../../../Users/Utilisateur/Documents/GitHub/GameProject/Content/Assets/Props/crates/crateOK.uasset" 506
"../../../../../../Users/Utilisateur/Documents/GitHub/GameProject/Content/Assets/Props/pots_and_shards/pot1_DefaultMaterial_BaseColor.uasset" 507
"../../../../../../Users/Utilisateur/Documents/GitHub/GameProject/Content/Assets/Props/pots_and_shards/pot_baseColor.uasset" 508
"../../../../../../Users/Utilisateur/Documents/GitHub/GameProject/Content/Assets/Props/pots_and_shards/pot1.uasset" 509
"../../../../../../Users/Utilisateur/Documents/GitHub/GameProject/Content/Assets/Props/pots_and_shards/pot2.uasset" 510
"../../../../../../Users/Utilisateur/Documents/GitHub/GameProject/Content/Assets/Props/Shelf/shelf_DefaultMaterial_BaseColor.uasset" 511
"../../../../../../Users/Utilisateur/Documents/GitHub/GameProject/Content/Assets/Props/Shelf/ShelfTex.uasset" 512
"../../../../../../Users/Utilisateur/Documents/GitHub/GameProject/Content/Assets/Props/Shelf/shelf.uasset" 513
"../../../../../../Users/Utilisateur/Documents/GitHub/GameProject/Content/Assets/Props/torche/torche_prob_DefaultMaterial_BaseColor.uasset" 514
"../../../../../../Users/Utilisateur/Documents/GitHub/GameProject/Content/Assets/Props/torche/torcheTex.uasset" 515
"../../../../../../Users/Utilisateur/Documents/GitHub/GameProject/Content/Assets/Props/torche/torchefixed.uasset" 516
"../../../../../../Users/Utilisateur/Documents/GitHub/GameProject/Content/Assets/Props/wallFlags/WallFlags_DefaultMaterial_BaseColor.uasset" 517
"../../../../../../Users/Utilisateur/Documents/GitHub/GameProject/Content/Assets/Props/wallFlags/wallflagTex.uasset" 518
"../../../../../../Users/Utilisateur/Documents/GitHub/GameProject/Content/Assets/Props/wallFlags/WallFlags_Box004.uasset" 519
"../../../../../../Users/Utilisateur/Documents/GitHub/GameProject/Content/Assets/Props/wallFlags/WallFlags_Box005.uasset" 520
"../../../../../../Users/Utilisateur/Documents/GitHub/GameProject/Content/Geometry/Meshes/CubeMaterial.uasset" 521
"../../../../../../Users/Utilisateur/Documents/GitHub/GameProject/Content/Geometry/Meshes/1M_Cube.uasset" 522
"../../../../../../Users/Utilisateur/Documents/GitHub/GameProject/Content/Geometry/Meshes/1M_Cube_Chamfer.uasset" 523
"../../../../../../Users/Utilisateur/Documents/GitHub/GameProject/Content/Geometry/Meshes/TemplateFloor.uasset" 524
"../../../../../../Users/Utilisateur/Documents/GitHub/GameProject/Content/ThirdPerson/Meshes/RampMaterial.uasset" 525
"../../../../../../Users/Utilisateur/Documents/GitHub/GameProject/Content/ThirdPerson/Meshes/Bump_StaticMesh.uasset" 526
"../../../../../../Users/Utilisateur/Documents/GitHub/GameProject/Content/ThirdPerson/Meshes/LeftArm_StaticMesh.uasset" 527
"../../../../../../Users/Utilisateur/Documents/GitHub/GameProject/Content/ThirdPerson/Meshes/Linear_Stair_StaticMesh.uasset" 528
"../../../../../../Users/Utilisateur/Documents/GitHub/GameProject/Content/ThirdPerson/Meshes/Ramp_StaticMesh.uasset" 529
"../../../../../../Users/Utilisateur/Documents/GitHub/GameProject/Content/ThirdPerson/Meshes/RightArm_StaticMesh.uasset" 530
"../../../../../../Users/Utilisateur/Documents/GitHub/GameProject/Content/ThirdPersonBP/Maps/ThirdPersonExampleMap.umap" 531
